<?xml version="1.0" encoding="UTF-8"?>
<testng-results ignored="0" total="4" passed="2" failed="2" skipped="0">
  <reporter-output>
  </reporter-output>
  <suite started-at="2024-09-05T14:49:29 IST" name="Suite" finished-at="2024-09-05T14:50:44 IST" duration-ms="74795">
    <groups>
    </groups>
    <test started-at="2024-09-05T14:49:29 IST" name="Test" finished-at="2024-09-05T14:50:44 IST" duration-ms="74795">
      <class name="org.acharyaprashant.testCases.TS_001_ArticlesHomePage">
        <test-method is-config="true" signature="setUp()[pri:0, instance:org.acharyaprashant.testCases.TS_001_ArticlesHomePage@3a5c2626]" started-at="2024-09-05T14:49:29 IST" name="setUp" finished-at="2024-09-05T14:49:59 IST" duration-ms="29311" status="PASS">
          <reporter-output>
          </reporter-output>
        </test-method> <!-- setUp -->
        <test-method signature="verifyArticlViewCounts(java.util.HashMap)[pri:1, instance:org.acharyaprashant.testCases.TS_001_ArticlesHomePage@3a5c2626]" started-at="2024-09-05T14:49:59 IST" name="verifyArticlViewCounts" data-provider="getData" finished-at="2024-09-05T14:50:03 IST" duration-ms="4226" status="PASS">
          <params>
            <param index="0">
              <value>
                <![CDATA[{commentData=This article is very informative, expArtPageTitle=Acharya Prashant, expHindiTxt=सांसारिक काम करते हुए अध्यात्म के साथ कैसे रहें? || आचार्य प्रशांत (2019), comment=Articles page test data, exptTrendingArtsPageTitle=Acharya Prashant Articles, exptTrendingArts3rdPageTitle=Trending Acharya Prashant Articles}]]>
              </value>
            </param>
          </params>
          <reporter-output>
          </reporter-output>
        </test-method> <!-- verifyArticlViewCounts -->
        <test-method signature="verifyArticleLikeCounts()[pri:2, instance:org.acharyaprashant.testCases.TS_001_ArticlesHomePage@3a5c2626]" started-at="2024-09-05T14:50:03 IST" name="verifyArticleLikeCounts" finished-at="2024-09-05T14:50:31 IST" duration-ms="28184" status="FAIL">
          <exception class="java.lang.AssertionError">
            <message>
              <![CDATA[Test failed: Current Like count is not less than the updated view count. expected [true] but found [false]]]>
            </message>
            <full-stacktrace>
              <![CDATA[java.lang.AssertionError: Test failed: Current Like count is not less than the updated view count. expected [true] but found [false]
at org.testng.Assert.fail(Assert.java:99)
at org.testng.Assert.failNotEquals(Assert.java:1037)
at org.testng.Assert.assertTrue(Assert.java:45)
at org.acharyaprashant.pageObject.ArticlesHomePage.verifyArticleLikeCount(ArticlesHomePage.java:184)
at org.acharyaprashant.testCases.TS_001_ArticlesHomePage.verifyArticleLikeCounts(TS_001_ArticlesHomePage.java:57)
at java.base/jdk.internal.reflect.NativeMethodAccessorImpl.invoke0(Native Method)
at java.base/jdk.internal.reflect.NativeMethodAccessorImpl.invoke(NativeMethodAccessorImpl.java:77)
at java.base/jdk.internal.reflect.DelegatingMethodAccessorImpl.invoke(DelegatingMethodAccessorImpl.java:43)
at java.base/java.lang.reflect.Method.invoke(Method.java:568)
at org.testng.internal.MethodInvocationHelper.invokeMethod(MethodInvocationHelper.java:133)
at org.testng.internal.TestInvoker.invokeMethod(TestInvoker.java:598)
at org.testng.internal.TestInvoker.invokeTestMethod(TestInvoker.java:173)
at org.testng.internal.MethodRunner.runInSequence(MethodRunner.java:46)
at org.testng.internal.TestInvoker$MethodInvocationAgent.invoke(TestInvoker.java:824)
at org.testng.internal.TestInvoker.invokeTestMethods(TestInvoker.java:146)
at org.testng.internal.TestMethodWorker.invokeTestMethods(TestMethodWorker.java:146)
at org.testng.internal.TestMethodWorker.run(TestMethodWorker.java:128)
at java.base/java.util.ArrayList.forEach(ArrayList.java:1511)
at org.testng.TestRunner.privateRun(TestRunner.java:794)
at org.testng.TestRunner.run(TestRunner.java:596)
at org.testng.SuiteRunner.runTest(SuiteRunner.java:377)
at org.testng.SuiteRunner.runSequentially(SuiteRunner.java:371)
at org.testng.SuiteRunner.privateRun(SuiteRunner.java:332)
at org.testng.SuiteRunner.run(SuiteRunner.java:276)
at org.testng.SuiteRunnerWorker.runSuite(SuiteRunnerWorker.java:53)
at org.testng.SuiteRunnerWorker.run(SuiteRunnerWorker.java:96)
at org.testng.TestNG.runSuitesSequentially(TestNG.java:1212)
at org.testng.TestNG.runSuitesLocally(TestNG.java:1134)
at org.testng.TestNG.runSuites(TestNG.java:1063)
at org.testng.TestNG.run(TestNG.java:1031)
at org.testng.remote.AbstractRemoteTestNG.run(AbstractRemoteTestNG.java:115)
at org.testng.remote.RemoteTestNG.initAndRun(RemoteTestNG.java:293)
at org.testng.remote.RemoteTestNG.main(RemoteTestNG.java:91)
]]>
            </full-stacktrace>
          </exception> <!-- java.lang.AssertionError -->
          <reporter-output>
          </reporter-output>
        </test-method> <!-- verifyArticleLikeCounts -->
        <test-method signature="verifyArticleCommentsCounts(java.util.HashMap)[pri:3, instance:org.acharyaprashant.testCases.TS_001_ArticlesHomePage@3a5c2626]" started-at="2024-09-05T14:50:32 IST" name="verifyArticleCommentsCounts" data-provider="getData" finished-at="2024-09-05T14:50:39 IST" duration-ms="7549" status="FAIL">
          <params>
            <param index="0">
              <value>
                <![CDATA[{commentData=This article is very informative, expArtPageTitle=Acharya Prashant, expHindiTxt=सांसारिक काम करते हुए अध्यात्म के साथ कैसे रहें? || आचार्य प्रशांत (2019), comment=Articles page test data, exptTrendingArtsPageTitle=Acharya Prashant Articles, exptTrendingArts3rdPageTitle=Trending Acharya Prashant Articles}]]>
              </value>
            </param>
          </params>
          <exception class="java.lang.AssertionError">
            <message>
              <![CDATA[Test failed: Current Comments count is not less than the updated view count. expected [true] but found [false]]]>
            </message>
            <full-stacktrace>
              <![CDATA[java.lang.AssertionError: Test failed: Current Comments count is not less than the updated view count. expected [true] but found [false]
at org.testng.Assert.fail(Assert.java:99)
at org.testng.Assert.failNotEquals(Assert.java:1037)
at org.testng.Assert.assertTrue(Assert.java:45)
at org.acharyaprashant.pageObject.ArticlesHomePage.verifyArticleCommentCount(ArticlesHomePage.java:262)
at org.acharyaprashant.testCases.TS_001_ArticlesHomePage.verifyArticleCommentsCounts(TS_001_ArticlesHomePage.java:70)
at java.base/jdk.internal.reflect.NativeMethodAccessorImpl.invoke0(Native Method)
at java.base/jdk.internal.reflect.NativeMethodAccessorImpl.invoke(NativeMethodAccessorImpl.java:77)
at java.base/jdk.internal.reflect.DelegatingMethodAccessorImpl.invoke(DelegatingMethodAccessorImpl.java:43)
at java.base/java.lang.reflect.Method.invoke(Method.java:568)
at org.testng.internal.MethodInvocationHelper.invokeMethod(MethodInvocationHelper.java:133)
at org.testng.internal.TestInvoker.invokeMethod(TestInvoker.java:598)
at org.testng.internal.TestInvoker.invokeTestMethod(TestInvoker.java:173)
at org.testng.internal.MethodRunner.runInSequence(MethodRunner.java:46)
at org.testng.internal.TestInvoker$MethodInvocationAgent.invoke(TestInvoker.java:824)
at org.testng.internal.TestInvoker.invokeTestMethods(TestInvoker.java:146)
at org.testng.internal.TestMethodWorker.invokeTestMethods(TestMethodWorker.java:146)
at org.testng.internal.TestMethodWorker.run(TestMethodWorker.java:128)
at java.base/java.util.ArrayList.forEach(ArrayList.java:1511)
at org.testng.TestRunner.privateRun(TestRunner.java:794)
at org.testng.TestRunner.run(TestRunner.java:596)
at org.testng.SuiteRunner.runTest(SuiteRunner.java:377)
at org.testng.SuiteRunner.runSequentially(SuiteRunner.java:371)
at org.testng.SuiteRunner.privateRun(SuiteRunner.java:332)
at org.testng.SuiteRunner.run(SuiteRunner.java:276)
at org.testng.SuiteRunnerWorker.runSuite(SuiteRunnerWorker.java:53)
at org.testng.SuiteRunnerWorker.run(SuiteRunnerWorker.java:96)
at org.testng.TestNG.runSuitesSequentially(TestNG.java:1212)
at org.testng.TestNG.runSuitesLocally(TestNG.java:1134)
at org.testng.TestNG.runSuites(TestNG.java:1063)
at org.testng.TestNG.run(TestNG.java:1031)
at org.testng.remote.AbstractRemoteTestNG.run(AbstractRemoteTestNG.java:115)
at org.testng.remote.RemoteTestNG.initAndRun(RemoteTestNG.java:293)
at org.testng.remote.RemoteTestNG.main(RemoteTestNG.java:91)
]]>
            </full-stacktrace>
          </exception> <!-- java.lang.AssertionError -->
          <reporter-output>
          </reporter-output>
        </test-method> <!-- verifyArticleCommentsCounts -->
        <test-method signature="verifyHindiArticlesToogle(java.util.HashMap)[pri:4, instance:org.acharyaprashant.testCases.TS_001_ArticlesHomePage@3a5c2626]" started-at="2024-09-05T14:50:40 IST" name="verifyHindiArticlesToogle" data-provider="getData" finished-at="2024-09-05T14:50:43 IST" duration-ms="3596" status="PASS">
          <params>
            <param index="0">
              <value>
                <![CDATA[{commentData=This article is very informative, expArtPageTitle=Acharya Prashant, expHindiTxt=सांसारिक काम करते हुए अध्यात्म के साथ कैसे रहें? || आचार्य प्रशांत (2019), comment=Articles page test data, exptTrendingArtsPageTitle=Acharya Prashant Articles, exptTrendingArts3rdPageTitle=Trending Acharya Prashant Articles}]]>
              </value>
            </param>
          </params>
          <reporter-output>
          </reporter-output>
        </test-method> <!-- verifyHindiArticlesToogle -->
        <test-method is-config="true" signature="tearDown()[pri:0, instance:org.acharyaprashant.testCases.TS_001_ArticlesHomePage@3a5c2626]" started-at="2024-09-05T14:50:44 IST" name="tearDown" finished-at="2024-09-05T14:50:44 IST" duration-ms="259" status="PASS">
          <reporter-output>
          </reporter-output>
        </test-method> <!-- tearDown -->
      </class> <!-- org.acharyaprashant.testCases.TS_001_ArticlesHomePage -->
    </test> <!-- Test -->
  </suite> <!-- Suite -->
</testng-results>
